mode: set
grm\data_serialize.go:38.76,40.14 1 1
grm\data_serialize.go:48.2,49.16 2 1
grm\data_serialize.go:52.2,60.36 7 1
grm\data_serialize.go:63.2,64.16 2 1
grm\data_serialize.go:40.14,41.61 1 1
grm\data_serialize.go:41.61,43.4 0 1
grm\data_serialize.go:43.4,45.4 1 1
grm\data_serialize.go:49.16,51.3 1 0
grm\data_serialize.go:60.36,62.3 1 1
grm\data_serialize.go:64.16,66.3 1 0
grm\data_serialize.go:69.70,71.16 2 1
grm\data_serialize.go:74.2,80.16 7 1
grm\data_serialize.go:84.2,84.27 1 1
grm\data_serialize.go:102.2,102.30 1 1
grm\data_serialize.go:71.16,73.3 1 0
grm\data_serialize.go:80.16,82.3 1 0
grm\data_serialize.go:84.27,85.13 1 1
grm\data_serialize.go:88.3,90.17 3 1
grm\data_serialize.go:93.3,96.17 4 1
grm\data_serialize.go:99.3,99.62 1 1
grm\data_serialize.go:85.13,86.12 1 1
grm\data_serialize.go:90.17,92.4 1 0
grm\data_serialize.go:96.17,98.4 1 0
grm\main.go:62.13,79.19 14 0
grm\main.go:84.2,84.24 1 0
grm\main.go:89.2,89.98 1 0
grm\main.go:94.2,95.121 2 0
grm\main.go:102.2,102.19 1 0
grm\main.go:120.2,120.28 1 0
grm\main.go:126.2,126.24 1 0
grm\main.go:132.2,132.23 1 0
grm\main.go:79.19,82.3 2 0
grm\main.go:84.24,87.3 2 0
grm\main.go:89.98,92.3 2 0
grm\main.go:95.121,98.3 2 0
grm\main.go:98.3,100.3 1 0
grm\main.go:102.19,118.3 13 0
grm\main.go:120.28,124.3 3 0
grm\main.go:126.24,130.3 3 0
grm\main.go:132.23,137.3 4 0
grm\main.go:140.142,156.23 11 0
grm\main.go:160.2,160.18 1 0
grm\main.go:156.23,158.3 1 0
grm\main.go:163.63,167.36 4 0
grm\main.go:174.2,174.48 1 0
grm\main.go:167.36,168.18 1 0
grm\main.go:168.18,169.12 1 0
grm\main.go:170.4,172.4 1 0
grm\main.go:177.124,180.16 2 0
grm\main.go:183.2,183.33 1 0
grm\main.go:203.2,203.18 1 0
grm\main.go:180.16,182.3 1 0
grm\main.go:183.33,186.17 3 0
grm\main.go:190.3,190.18 1 0
grm\main.go:186.17,188.4 1 0
grm\main.go:190.18,191.17 1 0
grm\main.go:191.17,192.18 1 0
grm\main.go:192.18,195.6 2 0
grm\main.go:196.5,199.5 2 0
grm\main.go:206.147,208.34 1 0
grm\main.go:223.2,223.24 1 0
grm\main.go:208.34,209.50 1 0
grm\main.go:209.50,218.4 7 0
grm\main.go:218.4,220.12 1 0
grm\main.go:226.62,227.36 1 0
grm\main.go:227.36,228.18 1 0
grm\main.go:228.18,235.4 1 0
grm\main.go:239.83,240.36 1 0
grm\main.go:240.36,241.18 1 0
grm\main.go:241.18,243.24 2 0
grm\main.go:243.24,245.19 2 0
grm\main.go:245.19,247.6 1 0
grm\main.go:248.5,253.5 0 0
grm\main.go:259.101,262.36 2 0
grm\main.go:295.2,295.24 1 0
grm\main.go:262.36,263.80 1 0
grm\main.go:273.3,273.84 1 0
grm\main.go:284.3,284.48 1 0
grm\main.go:263.80,266.56 2 0
grm\main.go:271.4,271.12 1 0
grm\main.go:266.56,268.5 1 0
grm\main.go:268.5,270.5 1 0
grm\main.go:273.84,276.56 2 0
grm\main.go:281.4,281.12 1 0
grm\main.go:276.56,278.5 1 0
grm\main.go:278.5,280.5 1 0
grm\main.go:284.48,286.56 2 0
grm\main.go:291.4,291.12 1 0
grm\main.go:286.56,288.5 1 0
grm\main.go:288.5,290.5 1 0
grm\utility.go:38.107,40.16 2 0
grm\utility.go:43.2,51.77 8 0
grm\utility.go:40.16,42.3 1 0
grm\utility.go:54.19,56.16 2 1
grm\utility.go:61.2,62.60 2 1
grm\utility.go:75.2,76.32 2 1
grm\utility.go:56.16,58.3 1 0
grm\utility.go:62.60,64.17 2 1
grm\utility.go:67.3,68.17 2 1
grm\utility.go:71.3,71.18 1 1
grm\utility.go:64.17,66.4 1 0
grm\utility.go:68.17,70.4 1 0
grm\utility.go:79.21,80.36 1 0
grm\utility.go:83.2,84.16 2 0
grm\utility.go:87.2,88.14 2 0
grm\utility.go:80.36,82.3 1 0
grm\utility.go:84.16,86.3 1 0
grm\utility.go:93.60,96.12 2 0
grm\utility.go:102.2,103.16 2 0
grm\utility.go:108.2,108.76 1 0
grm\utility.go:96.12,98.3 1 0
grm\utility.go:98.3,100.3 1 0
grm\utility.go:103.16,106.3 2 0
grm\utility.go:108.76,110.3 1 0
grm\utility.go:110.3,110.82 1 0
grm\utility.go:110.82,112.3 1 0
grm\utility.go:112.3,115.3 2 0
grm\utility.go:118.43,120.16 1 0
grm\utility.go:125.2,125.26 1 0
grm\utility.go:130.2,131.14 2 0
grm\utility.go:120.16,122.3 1 0
grm\utility.go:125.26,127.3 1 0
grm\utility.go:127.3,129.3 1 0
