mode: set
grm\main.go:62.13,79.19 14 0
grm\main.go:84.2,84.24 1 0
grm\main.go:92.2,92.98 1 0
grm\main.go:97.2,98.121 2 0
grm\main.go:105.2,105.19 1 0
grm\main.go:123.2,123.28 1 0
grm\main.go:129.2,129.24 1 0
grm\main.go:135.2,135.23 1 0
grm\main.go:79.19,82.3 2 0
grm\main.go:84.24,85.37 1 0
grm\main.go:88.3,89.13 2 0
grm\main.go:85.37,87.4 1 0
grm\main.go:92.98,95.3 2 0
grm\main.go:98.121,101.3 2 0
grm\main.go:101.3,103.3 1 0
grm\main.go:105.19,121.3 13 0
grm\main.go:123.28,127.3 3 0
grm\main.go:129.24,133.3 3 0
grm\main.go:135.23,140.3 4 0
grm\main.go:143.142,159.23 11 0
grm\main.go:163.2,163.18 1 0
grm\main.go:159.23,161.3 1 0
grm\main.go:166.63,170.36 4 0
grm\main.go:177.2,177.48 1 0
grm\main.go:170.36,171.18 1 0
grm\main.go:171.18,172.12 1 0
grm\main.go:173.4,175.4 1 0
grm\main.go:180.124,183.16 2 0
grm\main.go:186.2,186.33 1 0
grm\main.go:206.2,206.18 1 0
grm\main.go:183.16,185.3 1 0
grm\main.go:186.33,189.17 3 0
grm\main.go:193.3,193.18 1 0
grm\main.go:189.17,191.4 1 0
grm\main.go:193.18,194.17 1 0
grm\main.go:194.17,195.18 1 0
grm\main.go:195.18,198.6 2 0
grm\main.go:199.5,202.5 2 0
grm\main.go:209.147,211.34 1 0
grm\main.go:226.2,226.24 1 0
grm\main.go:211.34,212.50 1 0
grm\main.go:212.50,221.4 7 0
grm\main.go:221.4,223.12 1 0
grm\main.go:229.62,230.36 1 0
grm\main.go:230.36,231.18 1 0
grm\main.go:231.18,235.18 3 0
grm\main.go:235.18,237.5 1 0
grm\main.go:242.83,243.36 1 0
grm\main.go:243.36,244.18 1 0
grm\main.go:244.18,246.24 2 0
grm\main.go:246.24,248.19 2 0
grm\main.go:248.19,250.6 1 0
grm\main.go:251.5,253.19 2 0
grm\main.go:253.19,255.6 1 0
grm\main.go:262.101,265.36 2 0
grm\main.go:298.2,298.24 1 0
grm\main.go:265.36,266.80 1 0
grm\main.go:276.3,276.84 1 0
grm\main.go:287.3,287.48 1 0
grm\main.go:266.80,269.56 2 0
grm\main.go:274.4,274.12 1 0
grm\main.go:269.56,271.5 1 0
grm\main.go:271.5,273.5 1 0
grm\main.go:276.84,279.56 2 0
grm\main.go:284.4,284.12 1 0
grm\main.go:279.56,281.5 1 0
grm\main.go:281.5,283.5 1 0
grm\main.go:287.48,289.56 2 0
grm\main.go:294.4,294.12 1 0
grm\main.go:289.56,291.5 1 0
grm\main.go:291.5,293.5 1 0
grm\utility.go:38.107,40.16 2 1
grm\utility.go:43.2,51.77 8 1
grm\utility.go:40.16,42.3 1 0
grm\utility.go:54.19,56.16 2 1
grm\utility.go:61.2,62.60 2 1
grm\utility.go:75.2,76.32 2 1
grm\utility.go:56.16,58.3 1 0
grm\utility.go:62.60,64.17 2 1
grm\utility.go:67.3,68.17 2 1
grm\utility.go:71.3,71.18 1 1
grm\utility.go:64.17,66.4 1 0
grm\utility.go:68.17,70.4 1 0
grm\utility.go:79.21,81.16 2 1
grm\utility.go:84.2,85.14 2 1
grm\utility.go:81.16,83.3 1 0
grm\utility.go:90.60,93.12 2 0
grm\utility.go:99.2,100.16 2 0
grm\utility.go:105.2,105.76 1 0
grm\utility.go:93.12,95.3 1 0
grm\utility.go:95.3,97.3 1 0
grm\utility.go:100.16,103.3 2 0
grm\utility.go:105.76,107.3 1 0
grm\utility.go:107.3,107.82 1 0
grm\utility.go:107.82,109.3 1 0
grm\utility.go:109.3,112.3 2 0
grm\utility.go:115.43,117.16 1 0
grm\utility.go:122.2,122.26 1 0
grm\utility.go:127.2,128.14 2 0
grm\utility.go:117.16,119.3 1 0
grm\utility.go:122.26,124.3 1 0
grm\utility.go:124.3,126.3 1 0
grm\data_serialize.go:38.76,40.14 1 1
grm\data_serialize.go:48.2,49.16 2 1
grm\data_serialize.go:52.2,60.36 7 1
grm\data_serialize.go:63.2,64.16 2 1
grm\data_serialize.go:40.14,41.61 1 1
grm\data_serialize.go:41.61,43.4 0 1
grm\data_serialize.go:43.4,45.4 1 1
grm\data_serialize.go:49.16,51.3 1 0
grm\data_serialize.go:60.36,62.3 1 1
grm\data_serialize.go:64.16,66.3 1 0
grm\data_serialize.go:69.70,71.16 2 1
grm\data_serialize.go:74.2,80.16 7 1
grm\data_serialize.go:84.2,84.27 1 1
grm\data_serialize.go:102.2,102.30 1 1
grm\data_serialize.go:71.16,73.3 1 0
grm\data_serialize.go:80.16,82.3 1 0
grm\data_serialize.go:84.27,85.13 1 1
grm\data_serialize.go:88.3,90.17 3 1
grm\data_serialize.go:93.3,96.17 4 1
grm\data_serialize.go:99.3,99.62 1 1
grm\data_serialize.go:85.13,86.12 1 1
grm\data_serialize.go:90.17,92.4 1 0
grm\data_serialize.go:96.17,98.4 1 0
